<?xml version="1.0" encoding="UTF-8"?>
<testng-results skipped="0" failed="0" total="1" passed="1">
  <reporter-output>
  </reporter-output>
  <suite name="Default suite" duration-ms="45" started-at="2018-09-30T15:11:42Z" finished-at="2018-09-30T15:11:42Z">
    <groups>
    </groups>
    <test name="Default test" duration-ms="45" started-at="2018-09-30T15:11:42Z" finished-at="2018-09-30T15:11:42Z">
      <class name="org.testing.NewTest">
        <test-method status="PASS" signature="f()[pri:0, instance:org.testing.NewTest@28feb3fa]" name="f" duration-ms="14" started-at="2018-09-30T20:41:42Z" finished-at="2018-09-30T20:41:42Z">
          <reporter-output>
          </reporter-output>
        </test-method> <!-- f -->
      </class> <!-- org.testing.NewTest -->
    </test> <!-- Default test -->
  </suite> <!-- Default suite -->
</testng-results>
